2022-09-24 12:17:48,891 [INFO] Activator:177 - 


2022-09-24 12:17:48,892 [INFO] Activator:178 - !SESSION log4j initialized
2022-09-24 12:18:48,872 [INFO] McuFinderGlobals:39 - Set McuFinder mode to 2 (CubeIDE integrated)
2022-09-24 12:18:49,673 [INFO] ApplicationProperties:181 - Using Application install path: C:\ST\STM32CubeIDE_1.7.0\STM32CubeIDE\plugins\com.st.stm32cube.common.mx_6.3.0.202107141111
2022-09-24 12:18:49,700 [INFO] DbMcusXml:74 - Set database path to: C:\ST\STM32CubeIDE_1.7.0\STM32CubeIDE\plugins\com.st.stm32cube.common.mx_6.3.0.202107141111\\db\/mcu/
2022-09-24 12:18:49,715 [INFO] DbBoardsPdsc:56 - Set plugin database path to: C:\ST\STM32CubeIDE_1.7.0\STM32CubeIDE\plugins\com.st.stm32cube.common.mx_6.3.0.202107141111\\db\/plugins/boardmanager/
2022-09-24 12:18:49,715 [INFO] DbMcus:258 - Set plugin images path to: C:\ST\STM32CubeIDE_1.7.0\STM32CubeIDE\plugins\com.st.stm32cube.common.mx_6.3.0.202107141111\\db\/plugins/mcufinder/images/
2022-09-24 12:18:49,715 [INFO] DbBoards:264 - Set plugin images path to: C:\ST\STM32CubeIDE_1.7.0\STM32CubeIDE\plugins\com.st.stm32cube.common.mx_6.3.0.202107141111\\db\/plugins/mcufinder/images/
2022-09-24 12:18:49,723 [INFO] DbExamples:333 - Set plugin images path to: C:\ST\STM32CubeIDE_1.7.0\STM32CubeIDE\plugins\com.st.stm32cube.common.mx_6.3.0.202107141111\\db\/plugins/mcufinder/images/
2022-09-24 12:18:49,743 [INFO] DbMcusAds:119 - Set database path to: C:\Users\A.Tuan\.stmcufinder\plugins\mcufinder//mcu/
2022-09-24 12:18:49,743 [INFO] DbMcusDocs:110 - Set database path to: C:\Users\A.Tuan\.stmcufinder\plugins\mcufinder//mcu/
2022-09-24 12:18:49,752 [INFO] DbMcusJson:64 - Set database path to: C:\Users\A.Tuan\.stmcufinder\plugins\mcufinder//mcu/
2022-09-24 12:18:49,752 [INFO] DbBoardsDocs:110 - Set database path to: C:\Users\A.Tuan\.stmcufinder\plugins\mcufinder//mcu/
2022-09-24 12:18:49,756 [INFO] DbBoardsJson:57 - Set database path to: C:\Users\A.Tuan\.stmcufinder\plugins\mcufinder//mcu/
2022-09-24 12:18:49,802 [INFO] CrossReferenceDbSqlite:196 - Set database path to: C:\Users\A.Tuan\.stmcufinder\plugins\mcufinder//mcu/cs/
2022-09-24 12:18:49,809 [INFO] DbExamplesSqlite:767 - Set database path to: C:\Users\A.Tuan\.stmcufinder\plugins\mcufinder//mcu/
2022-09-24 12:18:50,049 [INFO] RulesReader:57 - Compatibility file has been processed (242 Rules)
2022-09-24 12:18:50,382 [INFO] DbMcusXml:74 - Set database path to: C:\ST\STM32CubeIDE_1.7.0\STM32CubeIDE\plugins\com.st.stm32cube.common.mx_6.3.0.202107141111\\db\/mcu/
2022-09-24 12:18:50,384 [INFO] DbBoardsPdsc:56 - Set plugin database path to: C:\ST\STM32CubeIDE_1.7.0\STM32CubeIDE\plugins\com.st.stm32cube.common.mx_6.3.0.202107141111\\db\/plugins/boardmanager/
2022-09-24 12:18:50,384 [INFO] DbMcus:258 - Set plugin images path to: C:\ST\STM32CubeIDE_1.7.0\STM32CubeIDE\plugins\com.st.stm32cube.common.mx_6.3.0.202107141111\\db\/plugins/mcufinder/images/
2022-09-24 12:18:50,384 [INFO] DbBoards:264 - Set plugin images path to: C:\ST\STM32CubeIDE_1.7.0\STM32CubeIDE\plugins\com.st.stm32cube.common.mx_6.3.0.202107141111\\db\/plugins/mcufinder/images/
2022-09-24 12:18:50,384 [INFO] DbExamples:333 - Set plugin images path to: C:\ST\STM32CubeIDE_1.7.0\STM32CubeIDE\plugins\com.st.stm32cube.common.mx_6.3.0.202107141111\\db\/plugins/mcufinder/images/
2022-09-24 12:18:50,384 [WARN] DbFile:35 - Overriding database path with different value: C:\Users\A.Tuan\.stmcufinder\plugins\mcufinder/ => C:\Users\A.Tuan\.stmcufinder\plugins\mcufinder
2022-09-24 12:18:50,384 [INFO] DbMcusAds:119 - Set database path to: C:\Users\A.Tuan\.stmcufinder\plugins\mcufinder//mcu/
2022-09-24 12:18:50,384 [WARN] DbFile:35 - Overriding database path with different value: C:\Users\A.Tuan\.stmcufinder\plugins\mcufinder/ => C:\Users\A.Tuan\.stmcufinder\plugins\mcufinder
2022-09-24 12:18:50,384 [INFO] DbMcusDocs:110 - Set database path to: C:\Users\A.Tuan\.stmcufinder\plugins\mcufinder//mcu/
2022-09-24 12:18:50,384 [WARN] DbFile:35 - Overriding database path with different value: C:\Users\A.Tuan\.stmcufinder\plugins\mcufinder/ => C:\Users\A.Tuan\.stmcufinder\plugins\mcufinder
2022-09-24 12:18:50,387 [INFO] DbMcusJson:64 - Set database path to: C:\Users\A.Tuan\.stmcufinder\plugins\mcufinder//mcu/
2022-09-24 12:18:50,388 [WARN] DbFile:35 - Overriding database path with different value: C:\Users\A.Tuan\.stmcufinder\plugins\mcufinder/ => C:\Users\A.Tuan\.stmcufinder\plugins\mcufinder
2022-09-24 12:18:50,388 [INFO] DbBoardsDocs:110 - Set database path to: C:\Users\A.Tuan\.stmcufinder\plugins\mcufinder//mcu/
2022-09-24 12:18:50,388 [WARN] DbFile:35 - Overriding database path with different value: C:\Users\A.Tuan\.stmcufinder\plugins\mcufinder/ => C:\Users\A.Tuan\.stmcufinder\plugins\mcufinder
2022-09-24 12:18:50,389 [INFO] DbBoardsJson:57 - Set database path to: C:\Users\A.Tuan\.stmcufinder\plugins\mcufinder//mcu/
2022-09-24 12:18:50,389 [WARN] DbFile:35 - Overriding database path with different value: C:\Users\A.Tuan\.stmcufinder\plugins\mcufinder/ => C:\Users\A.Tuan\.stmcufinder\plugins\mcufinder
2022-09-24 12:18:50,389 [WARN] DbFile:35 - Overriding database path with different value: C:\Users\A.Tuan\.stmcufinder\plugins\mcufinder/ => C:\Users\A.Tuan\.stmcufinder\plugins\mcufinder
2022-09-24 12:18:50,389 [INFO] CrossReferenceDbSqlite:196 - Set database path to: C:\Users\A.Tuan\.stmcufinder\plugins\mcufinder//mcu/cs/
2022-09-24 12:18:50,389 [WARN] DbFile:35 - Overriding database path with different value: C:\Users\A.Tuan\.stmcufinder\plugins\mcufinder/ => C:\Users\A.Tuan\.stmcufinder\plugins\mcufinder
2022-09-24 12:18:50,389 [INFO] DbExamplesSqlite:767 - Set database path to: C:\Users\A.Tuan\.stmcufinder\plugins\mcufinder//mcu/
2022-09-24 12:18:50,604 [INFO] MainPanel:214 - HeapMemory: 297795584
2022-09-24 12:18:50,856 [INFO] DbMcusXml:74 - Set database path to: C:\ST\STM32CubeIDE_1.7.0\STM32CubeIDE\plugins\com.st.stm32cube.common.mx_6.3.0.202107141111\\db\/mcu/
2022-09-24 12:18:50,856 [INFO] DbBoardsPdsc:56 - Set plugin database path to: C:\ST\STM32CubeIDE_1.7.0\STM32CubeIDE\plugins\com.st.stm32cube.common.mx_6.3.0.202107141111\\db\/plugins/boardmanager/
2022-09-24 12:18:50,856 [INFO] DbMcus:258 - Set plugin images path to: C:\ST\STM32CubeIDE_1.7.0\STM32CubeIDE\plugins\com.st.stm32cube.common.mx_6.3.0.202107141111\\db\/plugins/mcufinder/images/
2022-09-24 12:18:50,856 [INFO] DbBoards:264 - Set plugin images path to: C:\ST\STM32CubeIDE_1.7.0\STM32CubeIDE\plugins\com.st.stm32cube.common.mx_6.3.0.202107141111\\db\/plugins/mcufinder/images/
2022-09-24 12:18:50,856 [INFO] DbExamples:333 - Set plugin images path to: C:\ST\STM32CubeIDE_1.7.0\STM32CubeIDE\plugins\com.st.stm32cube.common.mx_6.3.0.202107141111\\db\/plugins/mcufinder/images/
2022-09-24 12:18:50,856 [WARN] DbFile:35 - Overriding database path with different value: C:\Users\A.Tuan\.stmcufinder\plugins\mcufinder/ => C:\Users\A.Tuan\.stmcufinder\plugins\mcufinder
2022-09-24 12:18:50,856 [INFO] DbMcusAds:119 - Set database path to: C:\Users\A.Tuan\.stmcufinder\plugins\mcufinder//mcu/
2022-09-24 12:18:50,856 [WARN] DbFile:35 - Overriding database path with different value: C:\Users\A.Tuan\.stmcufinder\plugins\mcufinder/ => C:\Users\A.Tuan\.stmcufinder\plugins\mcufinder
2022-09-24 12:18:50,856 [INFO] DbMcusDocs:110 - Set database path to: C:\Users\A.Tuan\.stmcufinder\plugins\mcufinder//mcu/
2022-09-24 12:18:50,856 [WARN] DbFile:35 - Overriding database path with different value: C:\Users\A.Tuan\.stmcufinder\plugins\mcufinder/ => C:\Users\A.Tuan\.stmcufinder\plugins\mcufinder
2022-09-24 12:18:50,856 [INFO] DbMcusJson:64 - Set database path to: C:\Users\A.Tuan\.stmcufinder\plugins\mcufinder//mcu/
2022-09-24 12:18:50,856 [WARN] DbFile:35 - Overriding database path with different value: C:\Users\A.Tuan\.stmcufinder\plugins\mcufinder/ => C:\Users\A.Tuan\.stmcufinder\plugins\mcufinder
2022-09-24 12:18:50,856 [INFO] DbBoardsDocs:110 - Set database path to: C:\Users\A.Tuan\.stmcufinder\plugins\mcufinder//mcu/
2022-09-24 12:18:50,856 [WARN] DbFile:35 - Overriding database path with different value: C:\Users\A.Tuan\.stmcufinder\plugins\mcufinder/ => C:\Users\A.Tuan\.stmcufinder\plugins\mcufinder
2022-09-24 12:18:50,856 [INFO] DbBoardsJson:57 - Set database path to: C:\Users\A.Tuan\.stmcufinder\plugins\mcufinder//mcu/
2022-09-24 12:18:50,856 [WARN] DbFile:35 - Overriding database path with different value: C:\Users\A.Tuan\.stmcufinder\plugins\mcufinder/ => C:\Users\A.Tuan\.stmcufinder\plugins\mcufinder
2022-09-24 12:18:50,856 [WARN] DbFile:35 - Overriding database path with different value: C:\Users\A.Tuan\.stmcufinder\plugins\mcufinder/ => C:\Users\A.Tuan\.stmcufinder\plugins\mcufinder
2022-09-24 12:18:50,856 [INFO] CrossReferenceDbSqlite:196 - Set database path to: C:\Users\A.Tuan\.stmcufinder\plugins\mcufinder//mcu/cs/
2022-09-24 12:18:50,856 [WARN] DbFile:35 - Overriding database path with different value: C:\Users\A.Tuan\.stmcufinder\plugins\mcufinder/ => C:\Users\A.Tuan\.stmcufinder\plugins\mcufinder
2022-09-24 12:18:50,856 [INFO] DbExamplesSqlite:767 - Set database path to: C:\Users\A.Tuan\.stmcufinder\plugins\mcufinder//mcu/
2022-09-24 12:18:50,903 [INFO] ApplicationProperties:181 - Using Application install path: C:\ST\STM32CubeIDE_1.7.0\STM32CubeIDE\plugins\com.st.stm32cube.common.mx_6.3.0.202107141111
2022-09-24 12:18:50,903 [INFO] PluginManage:188 - Search for loadable plugins [exclusion list=, ]
2022-09-24 12:18:50,903 [INFO] PluginManage:302 - Check plugin analytics
2022-09-24 12:18:51,248 [INFO] AnalyticsPlugin:257 - Accepted Software Licenses: 
2022-09-24 12:18:51,248 [INFO] AnalyticsPlugin:259 - Accepted CMSIS Pack Licenses: 
2022-09-24 12:18:51,248 [INFO] AnalyticsPlugin:261 - Accepted Firmware Licenses: 
2022-09-24 12:18:51,248 [INFO] PluginManage:352 - Loaded plugin analytics (category:tool,tabindex:-1)
2022-09-24 12:18:51,248 [INFO] PluginManage:302 - Check plugin clock
2022-09-24 12:18:51,279 [INFO] PluginManage:352 - Loaded plugin clock (category:base,tabindex:2)
2022-09-24 12:18:51,279 [INFO] PluginManage:302 - Check plugin ddr
2022-09-24 12:18:51,279 [INFO] PluginManage:352 - Loaded plugin ddr (category:tool,tabindex:6)
2022-09-24 12:18:51,279 [INFO] PluginManage:302 - Check plugin filemanager
2022-09-24 12:18:51,504 [INFO] PluginManage:352 - Loaded plugin filemanager (category:base,tabindex:10)
2022-09-24 12:18:51,504 [INFO] PluginManage:302 - Check plugin ipmanager
2022-09-24 12:18:51,528 [INFO] PluginManage:352 - Loaded plugin ipmanager (category:base,tabindex:5)
2022-09-24 12:18:51,528 [INFO] PluginManage:302 - Check plugin pinoutandconfiguration
2022-09-24 12:18:51,541 [INFO] PluginManage:352 - Loaded plugin pinoutandconfiguration (category:base,tabindex:1)
2022-09-24 12:18:51,541 [INFO] PluginManage:302 - Check plugin pinoutconfig
2022-09-24 12:18:51,604 [INFO] PluginManage:352 - Loaded plugin pinoutconfig (category:base,tabindex:0)
2022-09-24 12:18:51,604 [INFO] PluginManage:302 - Check plugin power
2022-09-24 12:18:51,619 [INFO] PluginManage:352 - Loaded plugin power (category:power,tabindex:4)
2022-09-24 12:18:51,619 [INFO] PluginManage:302 - Check plugin projectmanager
2022-09-24 12:18:51,648 [INFO] PluginManage:352 - Loaded plugin projectmanager (category:projectmanager,tabindex:3)
2022-09-24 12:18:51,648 [INFO] PluginManage:302 - Check plugin thirdparty
2022-09-24 12:18:51,955 [INFO] PluginManage:352 - Loaded plugin thirdparty (category:base,tabindex:-1)
2022-09-24 12:18:51,955 [INFO] PluginManage:302 - Check plugin tools
2022-09-24 12:18:51,955 [WARN] IntegrityCheckThread:78 - waiting for thirdparty lock release [integrity check]
2022-09-24 12:18:51,955 [INFO] IntegrityCheckThread:80 - entering critical section [integrity check]
2022-09-24 12:18:51,967 [INFO] ThirdPartyUpdaterWithRetryManager:66 - Updater plugin not ready yet. [1/15]
2022-09-24 12:18:52,021 [INFO] PluginManage:352 - Loaded plugin tools (category:base,tabindex:7)
2022-09-24 12:18:52,021 [INFO] PluginManage:302 - Check plugin tutovideos
2022-09-24 12:18:52,414 [INFO] PluginManage:352 - Loaded plugin tutovideos (category:base,tabindex:-1)
2022-09-24 12:18:52,414 [INFO] PluginManage:302 - Check plugin updater
2022-09-24 12:18:52,441 [INFO] PluginManage:352 - Loaded plugin updater (category:base,tabindex:12)
2022-09-24 12:18:52,441 [INFO] PluginManage:275 - PluginManage : Loaded plugins [13]
2022-09-24 12:18:52,868 [INFO] PinOutPanel:1463 - setPackage(No Configuration,No Configuration)
2022-09-24 12:18:53,103 [INFO] IPUIPlugin:74 - create IPUIPlugin
2022-09-24 12:18:53,103 [INFO] PluginManager:213 - loadIPPluginJar : add adc
2022-09-24 12:18:53,171 [INFO] IPUIPlugin:74 - create IPUIPlugin
2022-09-24 12:18:53,171 [INFO] PluginManager:213 - loadIPPluginJar : add aes
2022-09-24 12:18:53,257 [INFO] IPUIPlugin:74 - create IPUIPlugin
2022-09-24 12:18:53,257 [INFO] PluginManager:213 - loadIPPluginJar : add can
2022-09-24 12:18:53,297 [INFO] IPUIPlugin:74 - create IPUIPlugin
2022-09-24 12:18:53,297 [INFO] PluginManager:213 - loadIPPluginJar : add comp
2022-09-24 12:18:53,348 [INFO] IPUIPlugin:74 - create IPUIPlugin
2022-09-24 12:18:53,348 [INFO] PluginManager:213 - loadIPPluginJar : add cryp
2022-09-24 12:18:53,393 [INFO] IPUIPlugin:74 - create IPUIPlugin
2022-09-24 12:18:53,393 [INFO] PluginManager:213 - loadIPPluginJar : add dfsdm
2022-09-24 12:18:53,415 [INFO] IPUIPlugin:74 - create IPUIPlugin
2022-09-24 12:18:53,415 [INFO] PluginManager:213 - loadIPPluginJar : add dma
2022-09-24 12:18:53,470 [INFO] IPUIPlugin:74 - create IPUIPlugin
2022-09-24 12:18:53,470 [INFO] PluginManager:213 - loadIPPluginJar : add dma3
2022-09-24 12:18:53,503 [INFO] IPUIPlugin:74 - create IPUIPlugin
2022-09-24 12:18:53,505 [INFO] PluginManager:213 - loadIPPluginJar : add fatfs
2022-09-24 12:18:53,565 [INFO] IPUIPlugin:74 - create IPUIPlugin
2022-09-24 12:18:53,565 [INFO] PluginManager:213 - loadIPPluginJar : add fmc
2022-09-24 12:18:53,584 [INFO] IPUIPlugin:74 - create IPUIPlugin
2022-09-24 12:18:53,584 [INFO] PluginManager:213 - loadIPPluginJar : add freertos
2022-09-24 12:18:53,612 [INFO] IPUIPlugin:74 - create IPUIPlugin
2022-09-24 12:18:53,612 [INFO] PluginManager:213 - loadIPPluginJar : add genericplugin
2022-09-24 12:18:53,746 [INFO] IPUIPlugin:74 - create IPUIPlugin
2022-09-24 12:18:53,746 [INFO] PluginManager:213 - loadIPPluginJar : add gfxmmu
2022-09-24 12:18:53,922 [INFO] IPUIPlugin:74 - create IPUIPlugin
2022-09-24 12:18:53,922 [INFO] PluginManager:213 - loadIPPluginJar : add gic
2022-09-24 12:18:53,947 [INFO] IPUIPlugin:74 - create IPUIPlugin
2022-09-24 12:18:53,947 [INFO] PluginManager:213 - loadIPPluginJar : add gpio
2022-09-24 12:18:54,069 [INFO] IPUIPlugin:74 - create IPUIPlugin
2022-09-24 12:18:54,069 [INFO] PluginManager:213 - loadIPPluginJar : add gtzc
2022-09-24 12:18:54,110 [INFO] IPUIPlugin:74 - create IPUIPlugin
2022-09-24 12:18:54,110 [INFO] PluginManager:213 - loadIPPluginJar : add hash
2022-09-24 12:18:54,218 [INFO] IPUIPlugin:74 - create IPUIPlugin
2022-09-24 12:18:54,222 [INFO] PluginManager:213 - loadIPPluginJar : add i2c
2022-09-24 12:18:54,283 [INFO] IPUIPlugin:74 - create IPUIPlugin
2022-09-24 12:18:54,283 [INFO] PluginManager:213 - loadIPPluginJar : add i2s
2022-09-24 12:18:54,286 [INFO] IPUIPlugin:74 - create IPUIPlugin
2022-09-24 12:18:54,286 [INFO] PluginManager:213 - loadIPPluginJar : add ipddr
2022-09-24 12:18:54,448 [INFO] IPUIPlugin:74 - create IPUIPlugin
2022-09-24 12:18:54,450 [INFO] PluginManager:213 - loadIPPluginJar : add linkedlist
2022-09-24 12:18:54,527 [INFO] IPUIPlugin:74 - create IPUIPlugin
2022-09-24 12:18:54,527 [INFO] PluginManager:213 - loadIPPluginJar : add lorawan
2022-09-24 12:18:54,603 [INFO] IPUIPlugin:74 - create IPUIPlugin
2022-09-24 12:18:54,603 [INFO] PluginManager:213 - loadIPPluginJar : add ltdc
2022-09-24 12:18:54,641 [INFO] IPUIPlugin:74 - create IPUIPlugin
2022-09-24 12:18:54,641 [INFO] PluginManager:213 - loadIPPluginJar : add mdma
2022-09-24 12:18:54,673 [INFO] IPUIPlugin:74 - create IPUIPlugin
2022-09-24 12:18:54,673 [INFO] PluginManager:213 - loadIPPluginJar : add nvic
2022-09-24 12:18:54,765 [INFO] IPUIPlugin:74 - create IPUIPlugin
2022-09-24 12:18:54,765 [INFO] PluginManager:213 - loadIPPluginJar : add opamp
2022-09-24 12:18:54,870 [INFO] IPUIPlugin:74 - create IPUIPlugin
2022-09-24 12:18:54,870 [INFO] PluginManager:213 - loadIPPluginJar : add openamp
2022-09-24 12:18:54,973 [INFO] ThirdPartyUpdaterWithRetryManager:66 - Updater plugin not ready yet. [2/15]
2022-09-24 12:18:55,001 [INFO] IPUIPlugin:74 - create IPUIPlugin
2022-09-24 12:18:55,001 [INFO] PluginManager:213 - loadIPPluginJar : add pdm2pcm
2022-09-24 12:18:55,042 [INFO] IPUIPlugin:74 - create IPUIPlugin
2022-09-24 12:18:55,048 [INFO] PluginManager:213 - loadIPPluginJar : add plateformsettings
2022-09-24 12:18:55,118 [INFO] IPUIPlugin:74 - create IPUIPlugin
2022-09-24 12:18:55,118 [INFO] PluginManager:213 - loadIPPluginJar : add quadspi
2022-09-24 12:18:55,153 [INFO] IPUIPlugin:74 - create IPUIPlugin
2022-09-24 12:18:55,153 [INFO] PluginManager:213 - loadIPPluginJar : add resmgrutility
2022-09-24 12:18:55,321 [INFO] IPUIPlugin:74 - create IPUIPlugin
2022-09-24 12:18:55,321 [INFO] PluginManager:213 - loadIPPluginJar : add sai
2022-09-24 12:18:55,444 [INFO] IPUIPlugin:74 - create IPUIPlugin
2022-09-24 12:18:55,444 [INFO] PluginManager:213 - loadIPPluginJar : add spi
2022-09-24 12:18:55,591 [INFO] IPUIPlugin:74 - create IPUIPlugin
2022-09-24 12:18:55,591 [INFO] PluginManager:213 - loadIPPluginJar : add stm32_wpan
2022-09-24 12:18:55,652 [INFO] IPUIPlugin:74 - create IPUIPlugin
2022-09-24 12:18:55,652 [INFO] PluginManager:213 - loadIPPluginJar : add tim
2022-09-24 12:18:55,826 [INFO] IPUIPlugin:74 - create IPUIPlugin
2022-09-24 12:18:55,826 [INFO] PluginManager:213 - loadIPPluginJar : add touchsensing
2022-09-24 12:18:55,889 [INFO] IPUIPlugin:74 - create IPUIPlugin
2022-09-24 12:18:55,889 [INFO] PluginManager:213 - loadIPPluginJar : add tracer_emb
2022-09-24 12:18:55,973 [INFO] IPUIPlugin:74 - create IPUIPlugin
2022-09-24 12:18:55,977 [INFO] PluginManager:213 - loadIPPluginJar : add ts
2022-09-24 12:18:56,278 [INFO] IPUIPlugin:74 - create IPUIPlugin
2022-09-24 12:18:56,278 [INFO] PluginManager:213 - loadIPPluginJar : add tsc
2022-09-24 12:18:56,366 [INFO] IPUIPlugin:74 - create IPUIPlugin
2022-09-24 12:18:56,366 [INFO] PluginManager:213 - loadIPPluginJar : add ucpd
2022-09-24 12:18:56,485 [INFO] IPUIPlugin:74 - create IPUIPlugin
2022-09-24 12:18:56,485 [INFO] PluginManager:213 - loadIPPluginJar : add usart
2022-09-24 12:18:56,544 [INFO] IPUIPlugin:74 - create IPUIPlugin
2022-09-24 12:18:56,544 [INFO] PluginManager:213 - loadIPPluginJar : add usbx
2022-09-24 12:18:57,224 [FATAL] Updater:294 - Updater called before beeing initialized
2022-09-24 12:18:57,568 [FATAL] Updater:294 - Updater called before beeing initialized
2022-09-24 12:18:57,580 [INFO] DbMcusAds:47 - JSON generation date=Thu Sep 30 13:55:09 ICT 2021 (1632984909247)
2022-09-24 12:18:57,580 [FATAL] Updater:294 - Updater called before beeing initialized
2022-09-24 12:18:57,929 [WARN] DetailPanel:314 - Failed to get advertising image, set to default
2022-09-24 12:18:57,987 [INFO] ThirdPartyUpdaterWithRetryManager:66 - Updater plugin not ready yet. [3/15]
2022-09-24 12:18:58,132 [FATAL] Updater:294 - Updater called before beeing initialized
2022-09-24 12:18:58,138 [FATAL] Updater:294 - Updater called before beeing initialized
2022-09-24 12:18:58,139 [FATAL] Updater:294 - Updater called before beeing initialized
2022-09-24 12:18:58,140 [WARN] DetailPanel:314 - Failed to get advertising image, set to default
2022-09-24 12:18:58,141 [FATAL] Updater:294 - Updater called before beeing initialized
2022-09-24 12:18:58,267 [ERROR] Updater:1075 - MainUpdater not yet initialized. External WinMGr cannot be set.
2022-09-24 12:18:58,277 [INFO] Updater:1012 - Updater Version found : 6.3.0
2022-09-24 12:18:58,318 [INFO] ApplicationProperties:181 - Using Application install path: C:\ST\STM32CubeIDE_1.7.0\STM32CubeIDE\plugins\com.st.stm32cube.common.mx_6.3.0.202107141111
2022-09-24 12:18:58,684 [INFO] MainUpdater:2671 - connection check result : 10
2022-09-24 12:18:58,686 [INFO] MainUpdater:3359 - Updater definition file requires update
2022-09-24 12:18:58,688 [INFO] MainUpdater:265 - Updater Check For Update Now.
2022-09-24 12:18:58,689 [INFO] MicroXplorer:478 - Change Database Version : DB.6.0.30
2022-09-24 12:18:58,928 [INFO] ServerAccessManage:362 - Download File updaters.zip
2022-09-24 12:18:59,267 [INFO] FileExtend:235 - Unzip File : updaters.zip
2022-09-24 12:18:59,268 [INFO] FileExtend:250 - Standard Zip Deflate
2022-09-24 12:19:00,811 [INFO] ServerAccessManage:362 - Download File PacksControlFlags.xml
2022-09-24 12:19:01,015 [WARN] MainUpdater:1122 - Updater busy. Cannot search thirdparties
2022-09-24 12:19:01,015 [INFO] ThirdPartyUpdaterWithRetryManager:92 - Updater plugin is busy. [1/15]
2022-09-24 12:19:02,021 [INFO] ServerAccessManage:362 - Download File cubemx.pidx
2022-09-24 12:19:02,269 [INFO] LoadServerUpdatesThread:339 - End of LoadServerUpdate Thread
2022-09-24 12:19:02,487 [INFO] CheckServerUpdateThread:112 - End of CheckServer Thread
2022-09-24 12:19:02,526 [INFO] MainUpdater:2671 - connection check result : 10
2022-09-24 12:19:03,216 [INFO] McuFinderGlobals:52 - Set McuFinderConnectedMode to false
2022-09-24 12:19:03,375 [INFO] CrossSelectorPresenter:1330 - Cross Selector saved comparison directory: C:\Users\A.Tuan\.stmcufinder\plugins\mcufinder\mcu\cs_comparisons_mx
2022-09-24 12:19:03,387 [INFO] MultiScanPanel:197 - Auto-refresh data requested => check proxy status ongoing
2022-09-24 12:19:03,388 [INFO] MultiScanPanel:201 - Proxy status is invalid
2022-09-24 12:19:03,389 [INFO] FinderPluginLoader:87 - Searching for filters in installed packs
2022-09-24 12:19:03,396 [INFO] DbMcusXml:100 - Load MCU database from C:\ST\STM32CubeIDE_1.7.0\STM32CubeIDE\plugins\com.st.stm32cube.common.mx_6.3.0.202107141111\\db\/mcu/families.xml
2022-09-24 12:19:04,336 [WARN] PackLoader:238 - Cannot read IP mode file for STMicroelectronics.X-CUBE-GNSS1.6.0.0
2022-09-24 12:19:04,405 [WARN] PackLoader:238 - Cannot read IP mode file for STMicroelectronics.X-CUBE-AZRTOS-F4.1.1.0
2022-09-24 12:19:04,505 [WARN] PackLoader:238 - Cannot read IP mode file for STMicroelectronics.X-CUBE-AZRTOS-F7.1.1.0
2022-09-24 12:19:04,529 [WARN] PackLoader:238 - Cannot read IP mode file for STMicroelectronics.X-CUBE-BLE1.6.2.3
2022-09-24 12:19:04,549 [WARN] PackLoader:238 - Cannot read IP mode file for STMicroelectronics.X-CUBE-NFC4.2.0.4
2022-09-24 12:19:04,578 [WARN] PackLoader:238 - Cannot read IP mode file for STMicroelectronics.X-CUBE-TOF1.3.1.0
2022-09-24 12:19:04,603 [WARN] PackLoader:238 - Cannot read IP mode file for wolfSSL.I-CUBE-wolfSSL.5.5.0
2022-09-24 12:19:04,641 [WARN] PackLoader:238 - Cannot read IP mode file for STMicroelectronics.X-CUBE-NFC7.1.0.0
2022-09-24 12:19:04,665 [INFO] DbMcusJson:93 - JSON generation date=Tue Nov 16 23:17:54 ICT 2021 (1637079474)
2022-09-24 12:19:04,756 [WARN] PackLoader:238 - Cannot read IP mode file for STMicroelectronics.X-CUBE-MEMS1.9.3.0
2022-09-24 12:19:05,052 [WARN] PackLoader:238 - Cannot read IP mode file for STMicroelectronics.X-CUBE-AI.7.2.0
2022-09-24 12:19:05,071 [WARN] PackLoader:238 - Cannot read IP mode file for STMicroelectronics.X-CUBE-SFXS2LP1.4.0.0
2022-09-24 12:19:05,093 [WARN] PackLoader:238 - Cannot read IP mode file for STMicroelectronics.X-CUBE-BLE2.3.3.0
2022-09-24 12:19:05,116 [WARN] PackLoader:238 - Cannot read IP mode file for STMicroelectronics.X-CUBE-DISPLAY.2.2.0
2022-09-24 12:19:05,135 [WARN] PackLoader:238 - Cannot read IP mode file for STMicroelectronics.X-CUBE-ISPU.1.0.0
2022-09-24 12:19:05,151 [WARN] PackLoader:238 - Cannot read IP mode file for RoweBots.I-CUBE-UNISONRTOS.5.5.0-4
2022-09-24 12:19:05,215 [WARN] PackLoader:238 - Cannot read IP mode file for STMicroelectronics.X-CUBE-AZRTOS-H7.2.1.0
2022-09-24 12:19:05,242 [WARN] PackLoader:238 - Cannot read IP mode file for STMicroelectronics.X-CUBE-BLEMGR.1.0.0
2022-09-24 12:19:05,269 [WARN] PackLoader:238 - Cannot read IP mode file for STMicroelectronics.X-CUBE-ALGOBUILD.1.3.0
2022-09-24 12:19:05,323 [WARN] PackLoader:238 - Cannot read IP mode file for STMicroelectronics.X-CUBE-AZRTOS-G0.1.1.0
2022-09-24 12:19:05,354 [WARN] PackLoader:238 - Cannot read IP mode file for STMicroelectronics.X-CUBE-SUBG2.5.0.0
2022-09-24 12:19:05,433 [WARN] PackLoader:238 - Cannot read IP mode file for SEGGER.I-CUBE-embOS.1.2.0
2022-09-24 12:19:05,513 [WARN] PackLoader:238 - Cannot read IP mode file for STMicroelectronics.FP-ATR-ASTRA1.1.1.1
2022-09-24 12:19:05,598 [WARN] PackLoader:238 - Cannot read IP mode file for STMicroelectronics.X-CUBE-AZRTOS-G4.1.0.0
2022-09-24 12:19:05,675 [INFO] DbMcus:175 - Found 1951 MCUs (1903 are supported by CubeMX, 1914 are visible in CubeMX)
2022-09-24 12:19:05,675 [INFO] ApiDb:251 - Load user favorites file C:\Users\A.Tuan/.stm32cubeide/favorites.mcus.txt: 0 item(s)
2022-09-24 12:19:05,675 [INFO] ApiDb:255 - User favorites MCUs=[]
2022-09-24 12:19:05,675 [INFO] DbMcus:187 - Set 0 / 0 favorites MCUs
2022-09-24 12:19:05,713 [WARN] PackLoader:238 - Cannot read IP mode file for STMicroelectronics.X-CUBE-AZRTOS-L4.1.0.0
2022-09-24 12:19:05,736 [WARN] PackLoader:238 - Cannot read IP mode file for emotas.I-CUBE-CANOPEN.1.1.2
2022-09-24 12:19:05,760 [WARN] PackLoader:238 - Cannot read IP mode file for STMicroelectronics.X-CUBE-TOUCHGFX.4.20.0
2022-09-24 12:19:05,843 [WARN] PackLoader:238 - Cannot read IP mode file for STMicroelectronics.X-CUBE-AZRTOS-WL.1.0.0
2022-09-24 12:19:05,876 [WARN] PackLoader:238 - Cannot read IP mode file for portGmbH.I-Cube-SoM-uGOAL.1.1.0
2022-09-24 12:19:05,907 [WARN] PackLoader:238 - Cannot read IP mode file for STMicroelectronics.X-CUBE-ALS.1.0.1
2022-09-24 12:19:05,985 [WARN] PackLoader:238 - Cannot read IP mode file for STMicroelectronics.X-CUBE-AZRTOS-L5.1.0.0
2022-09-24 12:19:06,017 [WARN] PackLoader:238 - Cannot read IP mode file for STMicroelectronics.X-CUBE-EEPRMA1.3.1.1
2022-09-24 12:19:06,020 [INFO] ThirdParty:915 - Integrity check success = true
2022-09-24 12:19:06,020 [INFO] IntegrityCheckThread:94 - exiting critical section [integrity check]
2022-09-24 12:19:06,020 [INFO] IntegrityCheckThread:97 - End integrity checks thread
2022-09-24 12:19:06,944 [INFO] DetailPanel:309 - Set advertising image to C:/Users/A.Tuan/STM32Cube/Repository/\en.Prom_NBSTM32U50921.jpg
2022-09-24 12:19:07,535 [INFO] DbBoardsPdsc:90 - Found 25 items
2022-09-24 12:19:07,548 [INFO] DbBoardsPdsc:90 - Found 9 items
2022-09-24 12:19:07,565 [INFO] DbBoardsPdsc:90 - Found 33 items
2022-09-24 12:19:07,579 [INFO] DbBoardsPdsc:90 - Found 1 items
2022-09-24 12:19:07,615 [INFO] DbBoardsPdsc:90 - Found 48 items
2022-09-24 12:19:07,652 [INFO] DbBoardsPdsc:90 - Found 43 items
2022-09-24 12:19:07,670 [INFO] DbBoardsPdsc:90 - Found 2 items
2022-09-24 12:19:07,693 [INFO] DbBoardsPdsc:90 - Found 5 items
2022-09-24 12:19:07,704 [WARN] DbBoardsPdsc:254 - Board STM32H7B3I-DK: unknown feature type=Audio, name=, username=Audio stereo codec with Headphone Amp (CS42L51-CNZ), n=1
2022-09-24 12:19:07,710 [WARN] DbBoardsPdsc:254 - Board STM32H735G-DK: unknown feature type=Audio, name=, username=Audio stereo codec with Headphone Amp (WM8994ECS/R), n=1
2022-09-24 12:19:07,713 [WARN] DbBoardsPdsc:254 - Board STM32H7B3I-EVAL: unknown feature type=Audio, name=, username=Multi-Channel Audio Codec (CS42L51-CNZ), n=1
2022-09-24 12:19:07,713 [WARN] DbBoardsPdsc:254 - Board STM32H7B3I-EVAL: unknown feature type=Meter, name=, username=Power-metering and Temperature-monitoring with sigma-delta modulators, n=1
2022-09-24 12:19:07,713 [WARN] DbBoardsPdsc:254 - Board STM32H7B3I-EVAL: unknown feature type=Motor, name=, username=Motor Control, n=1
2022-09-24 12:19:07,714 [WARN] DbBoardsPdsc:254 - Board STM32U575I-EV: unknown feature type=joystick, name=, username=4-direction joystick with selection button, n=1
2022-09-24 12:19:07,809 [INFO] DbBoardsJson:86 - JSON generation date=Tue Nov 16 23:17:54 ICT 2021 (1637079474)
2022-09-24 12:19:07,826 [INFO] DbBoards:117 - Found 167 boards (163 are supported by CubeMX)
2022-09-24 12:19:07,850 [INFO] DbBoardsDocs:143 - JSON generation date=Tue Nov 16 23:17:54 ICT 2021 (1637079474)
2022-09-24 12:19:07,863 [INFO] DbBoardsDocs:79 - Found 209 boards documents
2022-09-24 12:19:07,863 [WARN] DbBoards:127 - board B-L475E-IOT01A2 has no document id list !
2022-09-24 12:19:07,871 [WARN] DbBoards:127 - board NUCLEO-H743ZI has no document id list !
2022-09-24 12:19:07,875 [WARN] DbBoards:127 - board NUCLEO-WL55JC2 has no document id list !
2022-09-24 12:19:07,875 [WARN] DbBoards:127 - board P-NUCLEO-WB55-Nucleo has no document id list !
2022-09-24 12:19:07,875 [WARN] DbBoards:127 - board P-NUCLEO-WB55-USBDongle has no document id list !
2022-09-24 12:19:07,875 [WARN] DbBoards:127 - board STEVAL-BFA001V1B has no document id list !
2022-09-24 12:19:07,875 [WARN] DbBoards:127 - board STEVAL-BFA001V2B has no document id list !
2022-09-24 12:19:07,875 [WARN] DbBoards:127 - board STEVAL-IDP005V1 has no document id list !
2022-09-24 12:19:07,875 [WARN] DbBoards:127 - board STEVAL-IDP005V2 has no document id list !
2022-09-24 12:19:07,875 [WARN] DbBoards:127 - board STEVAL-MKSBOX1V1 has no document id list !
2022-09-24 12:19:07,875 [WARN] DbBoards:127 - board STEVAL-STWINKT1 has no document id list !
2022-09-24 12:19:07,875 [WARN] DbBoards:127 - board STEVAL-STWINKT1B has no document id list !
2022-09-24 12:19:07,875 [WARN] DbBoards:127 - board STM32439I-EVAL2 has no document id list !
2022-09-24 12:19:07,875 [WARN] DbBoards:127 - board STM32F401C-DISCO has no document id list !
2022-09-24 12:19:07,875 [WARN] DbBoards:127 - board STM32F769I-DISC1 has no document id list !
2022-09-24 12:19:07,875 [WARN] DbBoards:127 - board STM32G474E-EVAL1 has no document id list !
2022-09-24 12:19:07,875 [WARN] DbBoards:127 - board STM32H743I-EVAL2 has no document id list !
2022-09-24 12:19:07,875 [WARN] DbBoards:127 - board STM32H747I-DISC1 has no document id list !
2022-09-24 12:19:07,875 [WARN] DbBoards:127 - board STM32H753I-EVAL2 has no document id list !
2022-09-24 12:19:07,875 [WARN] DbBoards:127 - board STM32L-DISCOVERY has no document id list !
2022-09-24 12:19:08,177 [ERROR] DbBoards:189 - Image file not found for board B-U585I-IOT02A: C:\ST\STM32CubeIDE_1.7.0\STM32CubeIDE\plugins\com.st.stm32cube.common.mx_6.3.0.202107141111\\db\/plugins/mcufinder/images/boards/B-U585I-IOT02A_small.jpg
2022-09-24 12:19:08,382 [ERROR] DbBoards:189 - Image file not found for board NUCLEO-F413ZH: C:\ST\STM32CubeIDE_1.7.0\STM32CubeIDE\plugins\com.st.stm32cube.common.mx_6.3.0.202107141111\\db\/plugins/mcufinder/images/boards/nucleo-f413zh_small.jpg
2022-09-24 12:19:08,725 [ERROR] DbBoards:189 - Image file not found for board NUCLEO-L552ZE-Q: C:\ST\STM32CubeIDE_1.7.0\STM32CubeIDE\plugins\com.st.stm32cube.common.mx_6.3.0.202107141111\\db\/plugins/mcufinder/images/boards/nucleo_l552ze_q_small.jpg
2022-09-24 12:19:08,725 [ERROR] DbBoards:189 - Image file not found for board NUCLEO-U575ZI-Q: C:\ST\STM32CubeIDE_1.7.0\STM32CubeIDE\plugins\com.st.stm32cube.common.mx_6.3.0.202107141111\\db\/plugins/mcufinder/images/boards/nucleo-u575zi-q_small.jpg
2022-09-24 12:19:08,725 [ERROR] DbBoards:189 - Image file not found for board NUCLEO-WB15CC: C:\ST\STM32CubeIDE_1.7.0\STM32CubeIDE\plugins\com.st.stm32cube.common.mx_6.3.0.202107141111\\db\/plugins/mcufinder/images/boards/nucleo-wb15cc_small.jpg
2022-09-24 12:19:08,725 [ERROR] DbBoards:189 - Image file not found for board NUCLEO-WB55RG: C:\ST\STM32CubeIDE_1.7.0\STM32CubeIDE\plugins\com.st.stm32cube.common.mx_6.3.0.202107141111\\db\/plugins/mcufinder/images/boards/nucleo-wb55rg_small.jpg
2022-09-24 12:19:10,625 [INFO] ApiDb:251 - Load user favorites file C:\Users\A.Tuan/.stm32cubeide/favorites.boards.txt: 0 item(s)
2022-09-24 12:19:10,625 [INFO] ApiDb:255 - User favorites Boards=[]
2022-09-24 12:19:10,625 [INFO] DbBoards:206 - Set 0 / 0 favorites Boards
2022-09-24 12:19:52,696 [INFO] DbMcusDocs:143 - JSON generation date=Tue Nov 16 23:17:54 ICT 2021 (1637079474)
2022-09-24 12:19:53,109 [INFO] DbMcusDocs:79 - Found 682 MCUs documents
2022-09-24 12:20:05,603 [INFO] MainUpdater:2671 - connection check result : 10
2022-09-24 12:20:05,603 [INFO] MainUpdater:2671 - connection check result : 10
2022-09-24 12:20:05,742 [INFO] MicroXplorer:448 - Change Database Path : 
2022-09-24 12:20:05,743 [INFO] MicroXplorer:478 - Change Database Version : DB.6.0.30
2022-09-24 12:20:05,743 [WARN] ThirdParty:813 - waiting for thirdparty lock release [close project]
2022-09-24 12:20:05,743 [INFO] ThirdParty:815 - entering critical section [close project]
2022-09-24 12:20:05,746 [INFO] ThirdParty:825 - exiting critical section [close project]
2022-09-24 12:20:05,751 [INFO] PinOutPanel:1463 - setPackage(No Configuration,No Configuration)
2022-09-24 12:20:05,751 [INFO] UtilMem:74 - Begin LoadConfig() Used Memory: 622767744 Bytes (724566016)
2022-09-24 12:20:05,755 [INFO] MicroXplorer:448 - Change Database Path : 
2022-09-24 12:20:05,755 [INFO] MicroXplorer:478 - Change Database Version : DB.6.0.30
2022-09-24 12:20:05,755 [INFO] OpenFileManager:313 - Change cursor
2022-09-24 12:20:06,801 [INFO] Context:592 - Trying to add GPIOservice into a context  which must be forbidden
2022-09-24 12:20:07,065 [INFO] ImportTextPane:167 - (OptionalMessage_ERROR) Unable to find key (Mcu.ThirdPartyNb) in loaded IOC file
2022-09-24 12:20:07,081 [INFO] ImportTextPane:167 - (OptionalMessage_ERROR) Unable to find key (Mcu.PinsNb) in loaded IOC file
2022-09-24 12:20:07,081 [INFO] ImportTextPane:167 - (OptionalMessage_ERROR) Unable to find key (Mcu.IPNb) in loaded IOC file
2022-09-24 12:20:07,121 [WARN] ApiManager:304 - Cannot register API 'Board Extension:GNSS1A1' from pack STMicroelectronics.X-CUBE-GNSS1.6.0.0: no header file found
2022-09-24 12:20:07,121 [WARN] ApiManager:304 - Cannot register API 'Board Support:Custom' from pack STMicroelectronics.X-CUBE-GNSS1.6.0.0: no header file found
2022-09-24 12:20:07,121 [WARN] ApiManager:304 - Cannot register API 'Data Exchange:lib_gnss' from pack STMicroelectronics.X-CUBE-GNSS1.6.0.0: no header file found
2022-09-24 12:20:07,137 [WARN] ModelIntegratedComponent:60 - No mode defined for component null
2022-09-24 12:20:07,137 [WARN] ModelIntegratedComponent:60 - No mode defined for component null
2022-09-24 12:20:07,137 [WARN] ModelIntegratedComponent:60 - No mode defined for component null
2022-09-24 12:20:07,137 [WARN] ModelIntegratedComponent:60 - No mode defined for component null
2022-09-24 12:20:07,137 [WARN] ModelIntegratedComponent:60 - No mode defined for component null
2022-09-24 12:20:07,137 [WARN] ModelIntegratedComponent:60 - No mode defined for component null
2022-09-24 12:20:07,137 [WARN] ModelIntegratedComponent:60 - No mode defined for component null
2022-09-24 12:20:07,137 [WARN] ModelIntegratedComponent:60 - No mode defined for component null
2022-09-24 12:20:07,137 [WARN] ModelIntegratedComponent:60 - No mode defined for component null
2022-09-24 12:20:07,137 [WARN] ModelIntegratedComponent:60 - No mode defined for component null
2022-09-24 12:20:07,137 [WARN] ModelIntegratedComponent:60 - No mode defined for component null
2022-09-24 12:20:07,137 [WARN] ModelIntegratedComponent:60 - No mode defined for component null
2022-09-24 12:20:07,137 [WARN] ModelIntegratedComponent:60 - No mode defined for component null
2022-09-24 12:20:07,137 [WARN] ModelIntegratedComponent:60 - No mode defined for component null
2022-09-24 12:20:07,137 [WARN] ModelIntegratedComponent:60 - No mode defined for component null
2022-09-24 12:20:07,137 [WARN] ModelIntegratedComponent:60 - No mode defined for component null
2022-09-24 12:20:07,137 [WARN] ModelIntegratedComponent:60 - No mode defined for component null
2022-09-24 12:20:07,137 [WARN] ModelIntegratedComponent:60 - No mode defined for component null
2022-09-24 12:20:07,137 [WARN] ModelIntegratedComponent:60 - No mode defined for component null
2022-09-24 12:20:07,137 [WARN] ModelIntegratedComponent:60 - No mode defined for component null
2022-09-24 12:20:07,137 [WARN] ModelIntegratedComponent:60 - No mode defined for component null
2022-09-24 12:20:07,137 [WARN] ModelIntegratedComponent:60 - No mode defined for component null
2022-09-24 12:20:07,137 [WARN] ModelIntegratedComponent:60 - No mode defined for component null
2022-09-24 12:20:07,137 [WARN] ModelIntegratedComponent:60 - No mode defined for component null
2022-09-24 12:20:07,137 [WARN] ModelIntegratedComponent:60 - No mode defined for component null
2022-09-24 12:20:07,137 [WARN] ModelIntegratedComponent:60 - No mode defined for component null
2022-09-24 12:20:07,137 [WARN] ModelIntegratedComponent:60 - No mode defined for component null
2022-09-24 12:20:07,137 [WARN] ModelIntegratedComponent:60 - No mode defined for component null
2022-09-24 12:20:07,137 [WARN] ModelIntegratedComponent:60 - No mode defined for component null
2022-09-24 12:20:07,137 [WARN] ModelIntegratedComponent:60 - No mode defined for component null
2022-09-24 12:20:07,137 [WARN] ModelIntegratedComponent:60 - No mode defined for component null
2022-09-24 12:20:07,137 [WARN] ApiManager:304 - Cannot register API 'Board Extension:NFC07A1' from pack STMicroelectronics.X-CUBE-NFC7.1.0.0: no header file found
2022-09-24 12:20:07,321 [WARN] ApiManager:304 - Cannot register API 'Board Extension:IKS01A3' from pack STMicroelectronics.X-CUBE-MEMS1.9.3.0: no header file found
2022-09-24 12:20:07,321 [WARN] ApiManager:304 - Cannot register API 'Board Extension:IKS01A2' from pack STMicroelectronics.X-CUBE-MEMS1.9.3.0: no header file found
2022-09-24 12:20:07,321 [WARN] ApiManager:304 - Cannot register API 'Board Extension:IKS02A1' from pack STMicroelectronics.X-CUBE-MEMS1.9.3.0: no header file found
2022-09-24 12:20:07,339 [WARN] ApiManager:304 - Cannot register API 'Wireless:BlueNRG-MS' from pack STMicroelectronics.X-CUBE-BLE1.6.2.3: no header file found
2022-09-24 12:20:07,339 [INFO] RtosManager:484 - Registered RTOS mode: class=CMSIS, group=RTOS, mode=CMSIS_V1, owner=FREERTOS
2022-09-24 12:20:07,339 [INFO] RtosManager:484 - Registered RTOS mode: class=CMSIS, group=RTOS2, mode=CMSIS_V2, owner=FREERTOS
2022-09-24 12:20:07,339 [INFO] RtosManager:484 - Registered RTOS mode: class=RTOS, group=Core, mode=CMSIS_V1, owner=FREERTOS
2022-09-24 12:20:07,339 [INFO] RtosManager:484 - Registered RTOS mode: class=RTOS, group=Core, mode=CMSIS_V2, owner=FREERTOS
2022-09-24 12:20:07,339 [WARN] ModelIntegratedComponent:181 - Missing modes for component STMicroelectronics:FreeRTOS:0.0.1:STMicroelectronics:RTOS:FreeRTOS:Core:::10.2.0:
2022-09-24 12:20:07,355 [WARN] ApiManager:304 - Cannot register API 'Board Extension:S2868A1' from pack STMicroelectronics.X-CUBE-SUBG2.5.0.0: no header file found
2022-09-24 12:20:07,355 [WARN] ApiManager:304 - Cannot register API 'Board Extension:S2868A2' from pack STMicroelectronics.X-CUBE-SUBG2.5.0.0: no header file found
2022-09-24 12:20:07,355 [WARN] ApiManager:304 - Cannot register API 'Board Extension:S2915A1' from pack STMicroelectronics.X-CUBE-SUBG2.5.0.0: no header file found
2022-09-24 12:20:07,355 [WARN] ApiManager:304 - Cannot register API 'Board Extension:EEPRMA1' from pack STMicroelectronics.X-CUBE-EEPRMA1.3.1.1: no header file found
2022-09-24 12:20:07,355 [WARN] ApiManager:304 - Cannot register API 'Board Extension:EEPRMA2' from pack STMicroelectronics.X-CUBE-EEPRMA1.3.1.1: no header file found
2022-09-24 12:20:07,355 [WARN] ApiManager:304 - Cannot register API 'Board Extension:S2868A1' from pack STMicroelectronics.X-CUBE-SFXS2LP1.4.0.0: no header file found
2022-09-24 12:20:07,355 [WARN] ApiManager:304 - Cannot register API 'Board Extension:S2868A2' from pack STMicroelectronics.X-CUBE-SFXS2LP1.4.0.0: no header file found
2022-09-24 12:20:07,355 [WARN] ApiManager:304 - Cannot register API 'Board Extension:S2915A1' from pack STMicroelectronics.X-CUBE-SFXS2LP1.4.0.0: no header file found
2022-09-24 12:20:07,355 [WARN] ApiManager:304 - Cannot register API 'Wireless:BlueNRG-2' from pack STMicroelectronics.X-CUBE-BLE2.3.3.0: no header file found
2022-09-24 12:20:07,355 [WARN] ApiManager:304 - Cannot register API 'Board Extension:NFC04A1' from pack STMicroelectronics.X-CUBE-NFC4.2.0.4: no header file found
2022-09-24 12:20:09,133 [INFO] UtilMem:74 - End LoadConfig() Used Memory: 616826960 Bytes (724566016)
2022-09-24 12:20:09,133 [WARN] ThirdParty:779 - waiting for thirdparty lock release [change project]
2022-09-24 12:20:09,133 [INFO] ThirdParty:781 - entering critical section [change project]
2022-09-24 12:20:09,133 [INFO] ThirdParty:967 - CMSIS Pack Vendor :RoweBots I-CUBE-UNISONRTOS 5.5.0-4
2022-09-24 12:20:09,133 [INFO] ThirdParty:967 - CMSIS Pack Vendor :STMicroelectronics X-CUBE-GNSS1 6.0.0
2022-09-24 12:20:09,133 [INFO] ThirdParty:967 - CMSIS Pack Vendor :STMicroelectronics X-CUBE-AZRTOS-H7 2.1.0
2022-09-24 12:20:09,133 [INFO] ThirdParty:967 - CMSIS Pack Vendor :STMicroelectronics USB_HOST 2.0.0
2022-09-24 12:20:09,133 [INFO] ThirdParty:967 - CMSIS Pack Vendor :STMicroelectronics X-CUBE-AZRTOS-F4 1.1.0
2022-09-24 12:20:09,133 [INFO] ThirdParty:967 - CMSIS Pack Vendor :STMicroelectronics X-CUBE-AZRTOS-G4 1.0.0
2022-09-24 12:20:09,133 [INFO] ThirdParty:967 - CMSIS Pack Vendor :STMicroelectronics X-CUBE-AZRTOS-L4 1.0.0
2022-09-24 12:20:09,133 [INFO] ThirdParty:967 - CMSIS Pack Vendor :STMicroelectronics USB_DEVICE 3.0.0
2022-09-24 12:20:09,133 [INFO] ThirdParty:967 - CMSIS Pack Vendor :wolfSSL I-CUBE-wolfSSL 5.5.0
2022-09-24 12:20:09,133 [INFO] ThirdParty:967 - CMSIS Pack Vendor :STMicroelectronics HAL Drivers 0.0.0
2022-09-24 12:20:09,133 [INFO] ThirdParty:967 - CMSIS Pack Vendor :STMicroelectronics MBEDTLS 2.16.2
2022-09-24 12:20:09,133 [INFO] ThirdParty:967 - CMSIS Pack Vendor :emotas I-CUBE-CANOPEN 1.1.2
2022-09-24 12:20:09,133 [INFO] ThirdParty:967 - CMSIS Pack Vendor :STMicroelectronics X-CUBE-TOUCHGFX 4.20.0
2022-09-24 12:20:09,133 [INFO] ThirdParty:967 - CMSIS Pack Vendor :STMicroelectronics MBEDTLS 2.14.1
2022-09-24 12:20:09,133 [INFO] ThirdParty:967 - CMSIS Pack Vendor :STMicroelectronics X-CUBE-NFC7 1.0.0
2022-09-24 12:20:09,133 [INFO] ThirdParty:967 - CMSIS Pack Vendor :STMicroelectronics X-CUBE-BLEMGR 1.0.0
2022-09-24 12:20:09,133 [INFO] ThirdParty:967 - CMSIS Pack Vendor :STMicroelectronics X-CUBE-AZRTOS-WL 1.0.0
2022-09-24 12:20:09,133 [INFO] ThirdParty:967 - CMSIS Pack Vendor :STMicroelectronics X-CUBE-AZRTOS-F7 1.1.0
2022-09-24 12:20:09,133 [INFO] ThirdParty:967 - CMSIS Pack Vendor :STMicroelectronics X-CUBE-MEMS1 9.3.0
2022-09-24 12:20:09,133 [INFO] ThirdParty:967 - CMSIS Pack Vendor :portGmbH I-Cube-SoM-uGOAL 1.1.0
2022-09-24 12:20:09,133 [INFO] ThirdParty:967 - CMSIS Pack Vendor :STMicroelectronics X-CUBE-ALS 1.0.1
2022-09-24 12:20:09,133 [INFO] ThirdParty:967 - CMSIS Pack Vendor :STMicroelectronics USB_DEVICE 2.0.0
2022-09-24 12:20:09,133 [INFO] ThirdParty:967 - CMSIS Pack Vendor :STMicroelectronics X-CUBE-AI 7.2.0
2022-09-24 12:20:09,133 [INFO] ThirdParty:967 - CMSIS Pack Vendor :STMicroelectronics X-CUBE-BLE1 6.2.3
2022-09-24 12:20:09,133 [INFO] ThirdParty:967 - CMSIS Pack Vendor :STMicroelectronics X-CUBE-ALGOBUILD 1.3.0
2022-09-24 12:20:09,133 [INFO] ThirdParty:967 - CMSIS Pack Vendor :STMicroelectronics X-CUBE-AZRTOS-L5 1.0.0
2022-09-24 12:20:09,133 [INFO] ThirdParty:967 - CMSIS Pack Vendor :STMicroelectronics FreeRTOS 0.0.1
2022-09-24 12:20:09,133 [INFO] ThirdParty:967 - CMSIS Pack Vendor :STMicroelectronics X-CUBE-AZRTOS-G0 1.1.0
2022-09-24 12:20:09,133 [INFO] ThirdParty:967 - CMSIS Pack Vendor :STMicroelectronics USB_DEVICE 1.0.0
2022-09-24 12:20:09,133 [INFO] ThirdParty:967 - CMSIS Pack Vendor :STMicroelectronics X-CUBE-SUBG2 5.0.0
2022-09-24 12:20:09,133 [INFO] ThirdParty:967 - CMSIS Pack Vendor :SEGGER I-CUBE-embOS 1.2.0
2022-09-24 12:20:09,133 [INFO] ThirdParty:967 - CMSIS Pack Vendor :STMicroelectronics X-CUBE-EEPRMA1 3.1.1
2022-09-24 12:20:09,133 [INFO] ThirdParty:967 - CMSIS Pack Vendor :STMicroelectronics ThreadX 0.0.2
2022-09-24 12:20:09,133 [INFO] ThirdParty:967 - CMSIS Pack Vendor :STMicroelectronics lwIP 2.0.3
2022-09-24 12:20:09,149 [INFO] ThirdParty:967 - CMSIS Pack Vendor :STMicroelectronics lwIP 2.1.2
2022-09-24 12:20:09,149 [INFO] ThirdParty:967 - CMSIS Pack Vendor :STMicroelectronics X-CUBE-SFXS2LP1 4.0.0
2022-09-24 12:20:09,149 [INFO] ThirdParty:967 - CMSIS Pack Vendor :STMicroelectronics X-CUBE-BLE2 3.3.0
2022-09-24 12:20:09,149 [INFO] ThirdParty:967 - CMSIS Pack Vendor :STMicroelectronics X-CUBE-NFC4 2.0.4
2022-09-24 12:20:09,149 [INFO] ThirdParty:967 - CMSIS Pack Vendor :STMicroelectronics USB_HOST 1.0.0
2022-09-24 12:20:09,149 [INFO] ThirdParty:967 - CMSIS Pack Vendor :STMicroelectronics X-CUBE-DISPLAY 2.2.0
2022-09-24 12:20:09,149 [INFO] ThirdParty:967 - CMSIS Pack Vendor :STMicroelectronics PDM2PCM 3.1.0
2022-09-24 12:20:09,149 [INFO] ThirdParty:967 - CMSIS Pack Vendor :STMicroelectronics FP-ATR-ASTRA1 1.1.1
2022-09-24 12:20:09,149 [INFO] ThirdParty:967 - CMSIS Pack Vendor :STMicroelectronics PDM2PCM 3.2.0
2022-09-24 12:20:09,149 [INFO] ThirdParty:967 - CMSIS Pack Vendor :STMicroelectronics PDM2PCM 3.3.0
2022-09-24 12:20:09,149 [INFO] ThirdParty:967 - CMSIS Pack Vendor :STMicroelectronics X-CUBE-TOF1 3.1.0
2022-09-24 12:20:09,149 [INFO] ThirdParty:967 - CMSIS Pack Vendor :STMicroelectronics X-CUBE-ISPU 1.0.0
2022-09-24 12:20:09,149 [INFO] ThirdParty:787 - exiting critical section [change project]
2022-09-24 12:20:09,418 [INFO] PinOutPanel:1463 - setPackage(No Configuration,No Configuration)
2022-09-24 12:20:09,434 [INFO] PinOutPanel:1463 - setPackage(STM32F103C6Ux,UFQFPN48)
2022-09-24 12:20:09,838 [INFO] UtilMem:74 - Before build in PCC Used Memory: 585125008 Bytes (724566016)
2022-09-24 12:20:10,534 [INFO] UtilMem:74 - After build in PCC Used Memory: 603790208 Bytes (724566016)
2022-09-24 12:20:10,566 [INFO] IPUIPlugin:74 - create IPUIPlugin
2022-09-24 12:20:10,566 [INFO] IPUIPlugin:74 - create IPUIPlugin
2022-09-24 12:20:10,566 [INFO] IPUIPlugin:74 - create IPUIPlugin
2022-09-24 12:20:10,566 [INFO] IPUIPlugin:74 - create IPUIPlugin
2022-09-24 12:20:10,566 [INFO] IPUIPlugin:74 - create IPUIPlugin
2022-09-24 12:20:10,566 [INFO] IPUIPlugin:74 - create IPUIPlugin
2022-09-24 12:20:10,566 [INFO] IPUIPlugin:74 - create IPUIPlugin
2022-09-24 12:20:10,566 [INFO] IPUIPlugin:74 - create IPUIPlugin
2022-09-24 12:20:10,566 [INFO] IPUIPlugin:74 - create IPUIPlugin
2022-09-24 12:20:10,566 [INFO] IPUIPlugin:74 - create IPUIPlugin
2022-09-24 12:20:10,566 [INFO] IPUIPlugin:74 - create IPUIPlugin
2022-09-24 12:20:10,566 [INFO] IPUIPlugin:74 - create IPUIPlugin
2022-09-24 12:20:10,566 [INFO] IPUIPlugin:74 - create IPUIPlugin
2022-09-24 12:20:10,566 [INFO] IPUIPlugin:74 - create IPUIPlugin
2022-09-24 12:20:10,566 [INFO] IPUIPlugin:74 - create IPUIPlugin
2022-09-24 12:20:10,566 [INFO] IPUIPlugin:74 - create IPUIPlugin
2022-09-24 12:20:10,566 [INFO] IPUIPlugin:74 - create IPUIPlugin
2022-09-24 12:20:10,566 [INFO] IPUIPlugin:74 - create IPUIPlugin
2022-09-24 12:20:10,566 [INFO] IPUIPlugin:74 - create IPUIPlugin
2022-09-24 12:20:10,566 [INFO] IPUIPlugin:74 - create IPUIPlugin
2022-09-24 12:20:10,566 [INFO] IPUIPlugin:74 - create IPUIPlugin
2022-09-24 12:20:10,566 [INFO] IPUIPlugin:74 - create IPUIPlugin
2022-09-24 12:20:10,566 [INFO] IPUIPlugin:74 - create IPUIPlugin
2022-09-24 12:20:10,690 [INFO] OpenFileManager:333 - Restore cursor
2022-09-24 12:20:11,026 [INFO] UtilMem:74 - End SaveConfig() Used Memory: 587400528 Bytes (724566016)
2022-09-24 12:20:11,094 [INFO] UtilMem:74 - End SaveConfig() Used Memory: 599876264 Bytes (724566016)
2022-09-24 12:20:11,480 [INFO] BlockDiagram:2740 - set Specific Code input for plugin: NVIC
2022-09-24 12:20:11,480 [INFO] BlockDiagram:2740 - set Specific Code input for plugin: SYS
2022-09-24 12:20:11,480 [INFO] BlockDiagram:2740 - set Specific Code input for plugin: RCC
2022-09-24 12:20:11,480 [INFO] CodeGenerator:663 - code generatio: config db path: C:\ST\STM32CubeIDE_1.7.0\STM32CubeIDE\plugins\com.st.stm32cube.common.mx_6.3.0.202107141111\\db\
2022-09-24 12:20:11,796 [INFO] CodeEngine:239 - oldGeneratedFile, C:\MCU\for button\STM\button\MXTmpFiles\license.tmp_save
2022-09-24 12:20:12,155 [INFO] CodeEngine:257 - Generated code: C:\MCU\for button\STM\button\MXTmpFiles\license.tmp
2022-09-24 12:20:12,318 [INFO] CodeEngine:239 - oldGeneratedFile, C:\MCU\for button\STM\button\Core\Src\stm32f1xx_it.c_save
2022-09-24 12:20:12,469 [INFO] CodeEngine:257 - Generated code: C:\MCU\for button\STM\button\Core\Src\stm32f1xx_it.c
2022-09-24 12:20:12,485 [INFO] CodeEngine:239 - oldGeneratedFile, C:\MCU\for button\STM\button\Core\Inc\stm32f1xx_it.h_save
2022-09-24 12:20:12,570 [INFO] CodeEngine:257 - Generated code: C:\MCU\for button\STM\button\Core\Inc\stm32f1xx_it.h
2022-09-24 12:20:12,601 [INFO] CodeEngine:239 - oldGeneratedFile, C:\MCU\for button\STM\button\Core\Src\stm32f1xx_hal_msp.c_save
2022-09-24 12:20:12,766 [INFO] CodeEngine:257 - Generated code: C:\MCU\for button\STM\button\Core\Src\stm32f1xx_hal_msp.c
2022-09-24 12:20:12,768 [INFO] CodeEngine:239 - oldGeneratedFile, C:\MCU\for button\STM\button\MXTmpFiles\system.tmp_save
2022-09-24 12:20:12,845 [INFO] CodeEngine:257 - Generated code: C:\MCU\for button\STM\button\MXTmpFiles\system.tmp
2022-09-24 12:20:12,863 [INFO] CodeEngine:239 - oldGeneratedFile, C:\MCU\for button\STM\button\Core\Inc\stm32f1xx_hal_conf.h_save
2022-09-24 12:20:12,972 [INFO] CodeEngine:257 - Generated code: C:\MCU\for button\STM\button\Core\Inc\stm32f1xx_hal_conf.h
2022-09-24 12:20:13,022 [INFO] CodeEngine:239 - oldGeneratedFile, C:\MCU\for button\STM\button\Core\Inc\main.h_save
2022-09-24 12:20:13,116 [INFO] CodeEngine:257 - Generated code: C:\MCU\for button\STM\button\Core\Inc\main.h
2022-09-24 12:20:13,132 [INFO] CodeEngine:239 - oldGeneratedFile, C:\MCU\for button\STM\button\Core\Src\main.c_save
2022-09-24 12:20:13,259 [INFO] CodeEngine:257 - Generated code: C:\MCU\for button\STM\button\Core\Src\main.c
2022-09-24 12:20:14,439 [INFO] ProjectBuilder:2578 - Time for Copy HAL[1] : 416mS.
2022-09-24 12:20:14,447 [INFO] ProjectBuilder:3622 - Project Generator version: 3.14.1
2022-09-24 12:20:14,935 [INFO] ConfigFileManager:1271 - The Die is : DIE412
2022-09-24 12:20:14,951 [INFO] ApiDbMcu:468 - Load IP Config File for FATFS
2022-09-24 12:20:15,034 [INFO] ApiDbMcu:468 - Load IP Config File for FREERTOS
2022-09-24 12:20:15,075 [INFO] ApiDbMcu:468 - Load IP Config File for USB_DEVICE
2022-09-24 12:20:20,147 [INFO] ProjectBuilder:3789 - Time for Generating toolchain IDE Files: 5700mS.
2022-09-24 12:20:20,147 [INFO] ProjectBuilder:2457 - Time for Copy CMSIS : 0mS.
2022-09-24 12:20:20,147 [INFO] ProjectBuilder:2457 - Time for Copy CMSIS : 0mS.
2022-09-24 12:20:21,263 [INFO] McuFinderGlobals:52 - Set McuFinderConnectedMode to true
2022-09-24 12:20:21,279 [INFO] ApiDb:276 - Save user favorites file C:\Users\A.Tuan/.stm32cubeide/favorites.mcus.txt: 0 item(s)
2022-09-24 12:20:21,279 [INFO] ApiDb:280 - User favorites MCUs=[]
2022-09-24 12:21:47,655 [INFO] Gpio:254 - dependency for GPIO []
2022-09-24 12:22:02,060 [INFO] UtilMem:74 - End SaveConfig() Used Memory: 635636976 Bytes (956301312)
2022-09-24 12:22:03,114 [INFO] UtilMem:74 - End SaveConfig() Used Memory: 657166368 Bytes (956301312)
2022-09-24 12:22:05,403 [INFO] UtilMem:74 - End SaveConfig() Used Memory: 627872368 Bytes (956301312)
2022-09-24 12:22:05,731 [INFO] BlockDiagram:2740 - set Specific Code input for plugin: NVIC
2022-09-24 12:22:05,731 [INFO] BlockDiagram:2740 - set Specific Code input for plugin: SYS
2022-09-24 12:22:05,731 [INFO] BlockDiagram:2740 - set Specific Code input for plugin: GPIO
2022-09-24 12:22:05,731 [INFO] BlockDiagram:2740 - set Specific Code input for plugin: RCC
2022-09-24 12:22:05,737 [INFO] CodeGenerator:663 - code generatio: config db path: C:\ST\STM32CubeIDE_1.7.0\STM32CubeIDE\plugins\com.st.stm32cube.common.mx_6.3.0.202107141111\\db\
2022-09-24 12:22:06,033 [INFO] CodeEngine:239 - oldGeneratedFile, C:\MCU\for button\STM\button\MXTmpFiles\license.tmp_save
2022-09-24 12:22:06,114 [INFO] CodeEngine:257 - Generated code: C:\MCU\for button\STM\button\MXTmpFiles\license.tmp
2022-09-24 12:22:06,154 [INFO] CodeEngine:239 - oldGeneratedFile, C:\MCU\for button\STM\button\MXTmpFiles\gpio.tmp_save
2022-09-24 12:22:06,236 [INFO] CodeEngine:257 - Generated code: C:\MCU\for button\STM\button\MXTmpFiles\gpio.tmp
2022-09-24 12:22:06,265 [INFO] CodeEngine:239 - oldGeneratedFile, C:\MCU\for button\STM\button\Core\Src\stm32f1xx_it.c_save
2022-09-24 12:22:06,374 [INFO] CodeEngine:257 - Generated code: C:\MCU\for button\STM\button\Core\Src\stm32f1xx_it.c
2022-09-24 12:22:06,377 [INFO] CodeEngine:239 - oldGeneratedFile, C:\MCU\for button\STM\button\Core\Inc\stm32f1xx_it.h_save
2022-09-24 12:22:06,455 [INFO] CodeEngine:257 - Generated code: C:\MCU\for button\STM\button\Core\Inc\stm32f1xx_it.h
2022-09-24 12:22:06,472 [INFO] CodeEngine:239 - oldGeneratedFile, C:\MCU\for button\STM\button\Core\Src\stm32f1xx_hal_msp.c_save
2022-09-24 12:22:06,645 [INFO] CodeEngine:257 - Generated code: C:\MCU\for button\STM\button\Core\Src\stm32f1xx_hal_msp.c
2022-09-24 12:22:06,645 [INFO] CodeEngine:239 - oldGeneratedFile, C:\MCU\for button\STM\button\MXTmpFiles\system.tmp_save
2022-09-24 12:22:06,710 [INFO] CodeEngine:257 - Generated code: C:\MCU\for button\STM\button\MXTmpFiles\system.tmp
2022-09-24 12:22:06,731 [INFO] CodeEngine:239 - oldGeneratedFile, C:\MCU\for button\STM\button\Core\Inc\stm32f1xx_hal_conf.h_save
2022-09-24 12:22:06,915 [INFO] CodeEngine:257 - Generated code: C:\MCU\for button\STM\button\Core\Inc\stm32f1xx_hal_conf.h
2022-09-24 12:22:06,963 [INFO] CodeEngine:239 - oldGeneratedFile, C:\MCU\for button\STM\button\Core\Inc\main.h_save
2022-09-24 12:22:07,096 [INFO] CodeEngine:257 - Generated code: C:\MCU\for button\STM\button\Core\Inc\main.h
2022-09-24 12:22:07,111 [INFO] CodeEngine:239 - oldGeneratedFile, C:\MCU\for button\STM\button\Core\Src\main.c_save
2022-09-24 12:22:07,237 [INFO] CodeEngine:257 - Generated code: C:\MCU\for button\STM\button\Core\Src\main.c
2022-09-24 12:22:08,073 [INFO] ProjectBuilder:2578 - Time for Copy HAL[1] : 91mS.
2022-09-24 12:22:08,073 [INFO] ProjectBuilder:3622 - Project Generator version: 3.14.1
2022-09-24 12:22:08,651 [INFO] ConfigFileManager:1271 - The Die is : DIE412
2022-09-24 12:22:10,634 [INFO] ProjectBuilder:3789 - Time for Generating toolchain IDE Files: 2561mS.
2022-09-24 12:22:10,651 [INFO] ProjectBuilder:2457 - Time for Copy CMSIS : 1mS.
2022-09-24 12:22:10,651 [INFO] ProjectBuilder:2457 - Time for Copy CMSIS : 0mS.
2022-09-24 12:26:12,116 [INFO] Gpio:254 - dependency for GPIO []
2022-09-24 12:27:04,244 [INFO] UtilMem:74 - End SaveConfig() Used Memory: 753290488 Bytes (1008730112)
2022-09-24 12:27:05,446 [INFO] UtilMem:74 - End SaveConfig() Used Memory: 775270840 Bytes (1008730112)
2022-09-24 12:27:06,618 [INFO] UtilMem:74 - End SaveConfig() Used Memory: 839428560 Bytes (1008730112)
2022-09-24 12:27:06,938 [INFO] BlockDiagram:2740 - set Specific Code input for plugin: NVIC
2022-09-24 12:27:06,938 [INFO] BlockDiagram:2740 - set Specific Code input for plugin: SYS
2022-09-24 12:27:06,938 [INFO] BlockDiagram:2740 - set Specific Code input for plugin: GPIO
2022-09-24 12:27:06,938 [INFO] BlockDiagram:2740 - set Specific Code input for plugin: RCC
2022-09-24 12:27:06,938 [INFO] CodeGenerator:663 - code generatio: config db path: C:\ST\STM32CubeIDE_1.7.0\STM32CubeIDE\plugins\com.st.stm32cube.common.mx_6.3.0.202107141111\\db\
2022-09-24 12:27:07,150 [INFO] CodeEngine:239 - oldGeneratedFile, C:\MCU\for button\STM\button\MXTmpFiles\license.tmp_save
2022-09-24 12:27:07,230 [INFO] CodeEngine:257 - Generated code: C:\MCU\for button\STM\button\MXTmpFiles\license.tmp
2022-09-24 12:27:07,232 [INFO] CodeEngine:239 - oldGeneratedFile, C:\MCU\for button\STM\button\MXTmpFiles\gpio.tmp_save
2022-09-24 12:27:07,328 [INFO] CodeEngine:257 - Generated code: C:\MCU\for button\STM\button\MXTmpFiles\gpio.tmp
2022-09-24 12:27:07,351 [INFO] CodeEngine:239 - oldGeneratedFile, C:\MCU\for button\STM\button\Core\Src\stm32f1xx_it.c_save
2022-09-24 12:27:07,490 [INFO] CodeEngine:257 - Generated code: C:\MCU\for button\STM\button\Core\Src\stm32f1xx_it.c
2022-09-24 12:27:07,490 [INFO] CodeEngine:239 - oldGeneratedFile, C:\MCU\for button\STM\button\Core\Inc\stm32f1xx_it.h_save
2022-09-24 12:27:07,570 [INFO] CodeEngine:257 - Generated code: C:\MCU\for button\STM\button\Core\Inc\stm32f1xx_it.h
2022-09-24 12:27:07,593 [INFO] CodeEngine:239 - oldGeneratedFile, C:\MCU\for button\STM\button\Core\Src\stm32f1xx_hal_msp.c_save
2022-09-24 12:27:07,702 [INFO] CodeEngine:257 - Generated code: C:\MCU\for button\STM\button\Core\Src\stm32f1xx_hal_msp.c
2022-09-24 12:27:07,718 [INFO] CodeEngine:239 - oldGeneratedFile, C:\MCU\for button\STM\button\MXTmpFiles\system.tmp_save
2022-09-24 12:27:07,788 [INFO] CodeEngine:257 - Generated code: C:\MCU\for button\STM\button\MXTmpFiles\system.tmp
2022-09-24 12:27:07,806 [INFO] CodeEngine:239 - oldGeneratedFile, C:\MCU\for button\STM\button\Core\Inc\stm32f1xx_hal_conf.h_save
2022-09-24 12:27:07,913 [INFO] CodeEngine:257 - Generated code: C:\MCU\for button\STM\button\Core\Inc\stm32f1xx_hal_conf.h
2022-09-24 12:27:07,956 [INFO] CodeEngine:239 - oldGeneratedFile, C:\MCU\for button\STM\button\Core\Inc\main.h_save
2022-09-24 12:27:08,100 [INFO] CodeEngine:257 - Generated code: C:\MCU\for button\STM\button\Core\Inc\main.h
2022-09-24 12:27:08,111 [INFO] CodeEngine:239 - oldGeneratedFile, C:\MCU\for button\STM\button\Core\Src\main.c_save
2022-09-24 12:27:08,283 [INFO] CodeEngine:257 - Generated code: C:\MCU\for button\STM\button\Core\Src\main.c
2022-09-24 12:27:09,038 [INFO] ProjectBuilder:2578 - Time for Copy HAL[1] : 89mS.
2022-09-24 12:27:09,053 [INFO] ProjectBuilder:3622 - Project Generator version: 3.14.1
2022-09-24 12:27:09,527 [INFO] ConfigFileManager:1271 - The Die is : DIE412
2022-09-24 12:27:11,333 [INFO] ProjectBuilder:3789 - Time for Generating toolchain IDE Files: 2280mS.
2022-09-24 12:27:11,333 [INFO] ProjectBuilder:2457 - Time for Copy CMSIS : 0mS.
2022-09-24 12:27:11,333 [INFO] ProjectBuilder:2457 - Time for Copy CMSIS : 0mS.
